2026-06-22 20:32:53 [JavaFX Application Thread] INFO  c.m.c.n.ServerCommunicator - Connected to server at localhost:9999
2026-06-22 20:32:53 [JavaFX Application Thread] INFO  c.minimart.client.ClientMain - Connected to Mini Mart Server
2026-06-22 20:33:12 [JavaFX Application Thread] INFO  c.m.client.ui.LoginController - Login button clicked for user: Admin
2026-06-22 20:33:12 [Thread-3] INFO  c.m.client.ui.LoginController - Background login task started for user: Admin
2026-06-22 20:33:12 [Thread-3] INFO  c.m.c.n.ServerCommunicator - → Sending request: action=LOGIN, token=null
2026-06-22 20:33:12 [Thread-3] INFO  c.m.c.n.ServerCommunicator - Waiting for response...
2026-06-22 20:33:13 [Thread-3] INFO  c.m.c.n.ServerCommunicator - ← Received response line length: 300
2026-06-22 20:33:13 [JavaFX Application Thread] INFO  c.m.client.ui.LoginController - Login task succeeded for user: Admin
2026-06-22 20:33:13 [JavaFX Application Thread] ERROR c.m.client.ui.LoginController - Failed to transition scene after login: 
file:/D:/MiniMart/minimart-client/target/minimart-client.jar!/fxml/AdminDashboard.fxml:54

javafx.fxml.LoadException: 
file:/D:/MiniMart/minimart-client/target/minimart-client.jar!/fxml/AdminDashboard.fxml:54

	at javafx.fxml.FXMLLoader.constructLoadException(FXMLLoader.java:2722)
	at javafx.fxml.FXMLLoader.loadImpl(FXMLLoader.java:2700)
	at javafx.fxml.FXMLLoader.loadImpl(FXMLLoader.java:2563)
	at javafx.fxml.FXMLLoader.load(FXMLLoader.java:2531)
	at com.minimart.client.ClientMain.loadScene(ClientMain.java:86)
	at com.minimart.client.ClientMain.showAdminDashboard(ClientMain.java:70)
	at com.minimart.client.ui.LoginController.lambda$handleLogin$5(LoginController.java:122)
	at com.sun.javafx.event.CompositeEventHandler.dispatchBubblingEvent(CompositeEventHandler.java:86)
	at com.sun.javafx.event.EventHandlerManager.dispatchBubblingEvent(EventHandlerManager.java:232)
	at com.sun.javafx.event.EventHandlerManager.dispatchBubblingEvent(EventHandlerManager.java:189)
	at com.sun.javafx.event.BasicEventDispatcher.dispatchEvent(BasicEventDispatcher.java:58)
	at com.sun.javafx.event.EventDispatchChainImpl.dispatchEvent(EventDispatchChainImpl.java:114)
	at com.sun.javafx.event.EventUtil.fireEventImpl(EventUtil.java:74)
	at com.sun.javafx.event.EventUtil.fireEvent(EventUtil.java:54)
	at javafx.event.Event.fireEvent(Event.java:198)
	at javafx.concurrent.EventHelper.fireEvent(EventHelper.java:219)
	at javafx.concurrent.Task.fireEvent(Task.java:1332)
	at javafx.concurrent.Task.setState(Task.java:725)
	at javafx.concurrent.Task$TaskCallable.lambda$call$1(Task.java:1410)
	at com.sun.javafx.application.PlatformImpl.lambda$runLater$10(PlatformImpl.java:456)
	at java.base/java.security.AccessController.doPrivileged(AccessController.java:400)
	at com.sun.javafx.application.PlatformImpl.lambda$runLater$11(PlatformImpl.java:455)
	at com.sun.glass.ui.InvokeLaterDispatcher$Future.run(InvokeLaterDispatcher.java:95)
	at com.sun.glass.ui.win.WinApplication._runLoop(Native Method)
	at com.sun.glass.ui.win.WinApplication.lambda$runLoop$3(WinApplication.java:185)
	at java.base/java.lang.Thread.run(Thread.java:1583)
Caused by: java.lang.IllegalArgumentException: Unable to coerce Đăng xuất to class javafx.scene.control.Tooltip.
	at com.sun.javafx.fxml.BeanAdapter.coerce(BeanAdapter.java:497)
	at com.sun.javafx.fxml.BeanAdapter.put(BeanAdapter.java:259)
	at com.sun.javafx.fxml.BeanAdapter.put(BeanAdapter.java:54)
	at javafx.fxml.FXMLLoader$Element.applyProperty(FXMLLoader.java:525)
	at javafx.fxml.FXMLLoader$Element.processValue(FXMLLoader.java:375)
	at javafx.fxml.FXMLLoader$Element.processPropertyAttribute(FXMLLoader.java:337)
	at javafx.fxml.FXMLLoader$Element.processInstancePropertyAttributes(FXMLLoader.java:248)
	at javafx.fxml.FXMLLoader$ValueElement.processEndElement(FXMLLoader.java:780)
	at javafx.fxml.FXMLLoader.processEndElement(FXMLLoader.java:2969)
	at javafx.fxml.FXMLLoader.loadImpl(FXMLLoader.java:2654)
	... 24 common frames omitted
2026-06-22 20:33:28 [JavaFX Application Thread] INFO  c.m.client.ui.LoginController - Login button clicked for user: nhanvien1
2026-06-22 20:33:28 [Thread-4] INFO  c.m.client.ui.LoginController - Background login task started for user: nhanvien1
2026-06-22 20:33:28 [Thread-4] INFO  c.m.c.n.ServerCommunicator - → Sending request: action=LOGIN, token=null
2026-06-22 20:33:28 [Thread-4] INFO  c.m.c.n.ServerCommunicator - Waiting for response...
2026-06-22 20:33:29 [Thread-4] INFO  c.m.c.n.ServerCommunicator - ← Received response line length: 304
2026-06-22 20:33:29 [JavaFX Application Thread] INFO  c.m.client.ui.LoginController - Login task succeeded for user: nhanvien1
2026-06-22 20:33:29 [JavaFX Application Thread] ERROR c.m.client.ui.LoginController - Failed to transition scene after login: 
file:/D:/MiniMart/minimart-client/target/minimart-client.jar!/fxml/POSView.fxml:98

javafx.fxml.LoadException: 
file:/D:/MiniMart/minimart-client/target/minimart-client.jar!/fxml/POSView.fxml:98

	at javafx.fxml.FXMLLoader.constructLoadException(FXMLLoader.java:2722)
	at javafx.fxml.FXMLLoader.loadImpl(FXMLLoader.java:2700)
	at javafx.fxml.FXMLLoader.loadImpl(FXMLLoader.java:2563)
	at javafx.fxml.FXMLLoader.load(FXMLLoader.java:2531)
	at com.minimart.client.ClientMain.loadScene(ClientMain.java:86)
	at com.minimart.client.ClientMain.showPOSScreen(ClientMain.java:78)
	at com.minimart.client.ui.LoginController.lambda$handleLogin$5(LoginController.java:124)
	at com.sun.javafx.event.CompositeEventHandler.dispatchBubblingEvent(CompositeEventHandler.java:86)
	at com.sun.javafx.event.EventHandlerManager.dispatchBubblingEvent(EventHandlerManager.java:232)
	at com.sun.javafx.event.EventHandlerManager.dispatchBubblingEvent(EventHandlerManager.java:189)
	at com.sun.javafx.event.BasicEventDispatcher.dispatchEvent(BasicEventDispatcher.java:58)
	at com.sun.javafx.event.EventDispatchChainImpl.dispatchEvent(EventDispatchChainImpl.java:114)
	at com.sun.javafx.event.EventUtil.fireEventImpl(EventUtil.java:74)
	at com.sun.javafx.event.EventUtil.fireEvent(EventUtil.java:54)
	at javafx.event.Event.fireEvent(Event.java:198)
	at javafx.concurrent.EventHelper.fireEvent(EventHelper.java:219)
	at javafx.concurrent.Task.fireEvent(Task.java:1332)
	at javafx.concurrent.Task.setState(Task.java:725)
	at javafx.concurrent.Task$TaskCallable.lambda$call$1(Task.java:1410)
	at com.sun.javafx.application.PlatformImpl.lambda$runLater$10(PlatformImpl.java:456)
	at java.base/java.security.AccessController.doPrivileged(AccessController.java:400)
	at com.sun.javafx.application.PlatformImpl.lambda$runLater$11(PlatformImpl.java:455)
	at com.sun.glass.ui.InvokeLaterDispatcher$Future.run(InvokeLaterDispatcher.java:95)
	at com.sun.glass.ui.win.WinApplication._runLoop(Native Method)
	at com.sun.glass.ui.win.WinApplication.lambda$runLoop$3(WinApplication.java:185)
	at java.base/java.lang.Thread.run(Thread.java:1583)
Caused by: com.sun.javafx.fxml.PropertyNotFoundException: Property "alignment" does not exist or is read-only.
	at javafx.fxml.FXMLLoader$Element.processValue(FXMLLoader.java:360)
	at javafx.fxml.FXMLLoader$Element.processPropertyAttribute(FXMLLoader.java:337)
	at javafx.fxml.FXMLLoader$Element.processInstancePropertyAttributes(FXMLLoader.java:248)
	at javafx.fxml.FXMLLoader$ValueElement.processEndElement(FXMLLoader.java:780)
	at javafx.fxml.FXMLLoader.processEndElement(FXMLLoader.java:2969)
	at javafx.fxml.FXMLLoader.loadImpl(FXMLLoader.java:2654)
	... 24 common frames omitted
2026-06-22 20:33:45 [JavaFX Application Thread] INFO  c.m.client.ui.LoginController - Register button clicked for user: khoaok
2026-06-22 20:33:45 [Thread-5] INFO  c.m.c.n.ServerCommunicator - → Sending request: action=REGISTER, token=null
2026-06-22 20:33:45 [Thread-5] INFO  c.m.c.n.ServerCommunicator - Waiting for response...
2026-06-22 20:33:46 [Thread-5] INFO  c.m.c.n.ServerCommunicator - ← Received response line length: 172
2026-06-22 20:33:46 [JavaFX Application Thread] INFO  c.m.client.ui.LoginController - Registration task succeeded for user: khoaok
2026-06-22 20:33:48 [JavaFX Application Thread] INFO  c.m.client.ui.LoginController - Login button clicked for user: khoaok
2026-06-22 20:33:48 [Thread-6] INFO  c.m.client.ui.LoginController - Background login task started for user: khoaok
2026-06-22 20:33:48 [Thread-6] INFO  c.m.c.n.ServerCommunicator - → Sending request: action=LOGIN, token=null
2026-06-22 20:33:48 [Thread-6] INFO  c.m.c.n.ServerCommunicator - Waiting for response...
2026-06-22 20:33:48 [Thread-6] INFO  c.m.c.n.ServerCommunicator - ← Received response line length: 292
2026-06-22 20:33:48 [JavaFX Application Thread] INFO  c.m.client.ui.LoginController - Login task succeeded for user: khoaok
2026-06-22 20:33:48 [JavaFX Application Thread] ERROR c.m.client.ui.LoginController - Failed to transition scene after login: 
file:/D:/MiniMart/minimart-client/target/minimart-client.jar!/fxml/POSView.fxml:98

javafx.fxml.LoadException: 
file:/D:/MiniMart/minimart-client/target/minimart-client.jar!/fxml/POSView.fxml:98

	at javafx.fxml.FXMLLoader.constructLoadException(FXMLLoader.java:2722)
	at javafx.fxml.FXMLLoader.loadImpl(FXMLLoader.java:2700)
	at javafx.fxml.FXMLLoader.loadImpl(FXMLLoader.java:2563)
	at javafx.fxml.FXMLLoader.load(FXMLLoader.java:2531)
	at com.minimart.client.ClientMain.loadScene(ClientMain.java:86)
	at com.minimart.client.ClientMain.showPOSScreen(ClientMain.java:78)
	at com.minimart.client.ui.LoginController.lambda$handleLogin$5(LoginController.java:124)
	at com.sun.javafx.event.CompositeEventHandler.dispatchBubblingEvent(CompositeEventHandler.java:86)
	at com.sun.javafx.event.EventHandlerManager.dispatchBubblingEvent(EventHandlerManager.java:232)
	at com.sun.javafx.event.EventHandlerManager.dispatchBubblingEvent(EventHandlerManager.java:189)
	at com.sun.javafx.event.BasicEventDispatcher.dispatchEvent(BasicEventDispatcher.java:58)
	at com.sun.javafx.event.EventDispatchChainImpl.dispatchEvent(EventDispatchChainImpl.java:114)
	at com.sun.javafx.event.EventUtil.fireEventImpl(EventUtil.java:74)
	at com.sun.javafx.event.EventUtil.fireEvent(EventUtil.java:54)
	at javafx.event.Event.fireEvent(Event.java:198)
	at javafx.concurrent.EventHelper.fireEvent(EventHelper.java:219)
	at javafx.concurrent.Task.fireEvent(Task.java:1332)
	at javafx.concurrent.Task.setState(Task.java:725)
	at javafx.concurrent.Task$TaskCallable.lambda$call$1(Task.java:1410)
	at com.sun.javafx.application.PlatformImpl.lambda$runLater$10(PlatformImpl.java:456)
	at java.base/java.security.AccessController.doPrivileged(AccessController.java:400)
	at com.sun.javafx.application.PlatformImpl.lambda$runLater$11(PlatformImpl.java:455)
	at com.sun.glass.ui.InvokeLaterDispatcher$Future.run(InvokeLaterDispatcher.java:95)
	at com.sun.glass.ui.win.WinApplication._runLoop(Native Method)
	at com.sun.glass.ui.win.WinApplication.lambda$runLoop$3(WinApplication.java:185)
	at java.base/java.lang.Thread.run(Thread.java:1583)
Caused by: com.sun.javafx.fxml.PropertyNotFoundException: Property "alignment" does not exist or is read-only.
	at javafx.fxml.FXMLLoader$Element.processValue(FXMLLoader.java:360)
	at javafx.fxml.FXMLLoader$Element.processPropertyAttribute(FXMLLoader.java:337)
	at javafx.fxml.FXMLLoader$Element.processInstancePropertyAttributes(FXMLLoader.java:248)
	at javafx.fxml.FXMLLoader$ValueElement.processEndElement(FXMLLoader.java:780)
	at javafx.fxml.FXMLLoader.processEndElement(FXMLLoader.java:2969)
	at javafx.fxml.FXMLLoader.loadImpl(FXMLLoader.java:2654)
	... 24 common frames omitted
2026-06-22 20:37:03 [JavaFX Application Thread] INFO  c.m.c.n.ServerCommunicator - Disconnected from server
2026-06-22 20:37:03 [JavaFX Application Thread] INFO  c.minimart.client.ClientMain - Client application stopped
2026-06-22 20:37:12 [JavaFX Application Thread] INFO  c.m.c.n.ServerCommunicator - Connected to server at localhost:9999
2026-06-22 20:37:12 [JavaFX Application Thread] INFO  c.minimart.client.ClientMain - Connected to Mini Mart Server
2026-06-22 20:37:20 [JavaFX Application Thread] INFO  c.m.client.ui.LoginController - Login button clicked for user: admin
2026-06-22 20:37:20 [Thread-3] INFO  c.m.client.ui.LoginController - Background login task started for user: admin
2026-06-22 20:37:20 [Thread-3] INFO  c.m.c.n.ServerCommunicator - → Sending request: action=LOGIN, token=null
2026-06-22 20:37:20 [Thread-3] INFO  c.m.c.n.ServerCommunicator - Waiting for response...
2026-06-22 20:37:20 [Thread-3] INFO  c.m.c.n.ServerCommunicator - ← Received response line length: 300
2026-06-22 20:37:20 [JavaFX Application Thread] INFO  c.m.client.ui.LoginController - Login task succeeded for user: admin
2026-06-22 20:37:20 [Thread-4] INFO  c.m.c.n.ServerCommunicator - → Sending request: action=GET_DASHBOARD_DATA, token=058c46f3-d629-49c9-8045-bccc9b79ba6b
2026-06-22 20:37:20 [Thread-4] INFO  c.m.c.n.ServerCommunicator - Waiting for response...
2026-06-22 20:37:21 [Thread-4] INFO  c.m.c.n.ServerCommunicator - ← Received response line length: 402
2026-06-22 20:37:27 [Thread-5] INFO  c.m.c.n.ServerCommunicator - → Sending request: action=GET_PRODUCTS, token=058c46f3-d629-49c9-8045-bccc9b79ba6b
2026-06-22 20:37:27 [Thread-5] INFO  c.m.c.n.ServerCommunicator - Waiting for response...
2026-06-22 20:37:27 [Thread-5] INFO  c.m.c.n.ServerCommunicator - ← Received response line length: 4374
2026-06-22 20:37:29 [Thread-6] INFO  c.m.c.n.ServerCommunicator - → Sending request: action=GET_CUSTOMERS, token=058c46f3-d629-49c9-8045-bccc9b79ba6b
2026-06-22 20:37:29 [Thread-6] INFO  c.m.c.n.ServerCommunicator - Waiting for response...
2026-06-22 20:37:29 [Thread-6] INFO  c.m.c.n.ServerCommunicator - ← Received response line length: 65
2026-06-22 20:37:30 [Thread-7] INFO  c.m.c.n.ServerCommunicator - → Sending request: action=GET_USERS, token=058c46f3-d629-49c9-8045-bccc9b79ba6b
2026-06-22 20:37:30 [Thread-7] INFO  c.m.c.n.ServerCommunicator - Waiting for response...
2026-06-22 20:37:30 [Thread-7] INFO  c.m.c.n.ServerCommunicator - ← Received response line length: 975
2026-06-22 20:37:31 [Thread-8] INFO  c.m.c.n.ServerCommunicator - → Sending request: action=GET_ORDERS, token=058c46f3-d629-49c9-8045-bccc9b79ba6b
2026-06-22 20:37:31 [Thread-8] INFO  c.m.c.n.ServerCommunicator - Waiting for response...
2026-06-22 20:37:31 [Thread-8] INFO  c.m.c.n.ServerCommunicator - ← Received response line length: 1209
2026-06-22 20:37:31 [Thread-9] INFO  c.m.c.n.ServerCommunicator - → Sending request: action=GET_ORDERS, token=058c46f3-d629-49c9-8045-bccc9b79ba6b
2026-06-22 20:37:31 [Thread-9] INFO  c.m.c.n.ServerCommunicator - Waiting for response...
2026-06-22 20:37:31 [Thread-9] INFO  c.m.c.n.ServerCommunicator - ← Received response line length: 1209
2026-06-22 20:37:31 [Thread-10] INFO  c.m.c.n.ServerCommunicator - → Sending request: action=GET_LOGS, token=058c46f3-d629-49c9-8045-bccc9b79ba6b
2026-06-22 20:37:31 [Thread-10] INFO  c.m.c.n.ServerCommunicator - Waiting for response...
2026-06-22 20:37:32 [Thread-10] INFO  c.m.c.n.ServerCommunicator - ← Received response line length: 4177
2026-06-22 20:37:32 [Thread-11] INFO  c.m.c.n.ServerCommunicator - → Sending request: action=GET_ORDERS, token=058c46f3-d629-49c9-8045-bccc9b79ba6b
2026-06-22 20:37:32 [Thread-11] INFO  c.m.c.n.ServerCommunicator - Waiting for response...
2026-06-22 20:37:32 [Thread-11] INFO  c.m.c.n.ServerCommunicator - ← Received response line length: 1209
2026-06-22 20:37:33 [Thread-12] INFO  c.m.c.n.ServerCommunicator - → Sending request: action=GET_PRODUCTS, token=058c46f3-d629-49c9-8045-bccc9b79ba6b
2026-06-22 20:37:33 [Thread-12] INFO  c.m.c.n.ServerCommunicator - Waiting for response...
2026-06-22 20:37:33 [Thread-12] INFO  c.m.c.n.ServerCommunicator - ← Received response line length: 4374
2026-06-22 20:37:33 [Thread-13] INFO  c.m.c.n.ServerCommunicator - → Sending request: action=GET_DASHBOARD_DATA, token=058c46f3-d629-49c9-8045-bccc9b79ba6b
2026-06-22 20:37:33 [Thread-13] INFO  c.m.c.n.ServerCommunicator - Waiting for response...
2026-06-22 20:37:33 [Thread-13] INFO  c.m.c.n.ServerCommunicator - ← Received response line length: 402
2026-06-22 20:37:35 [Thread-14] INFO  c.m.c.n.ServerCommunicator - → Sending request: action=GET_DASHBOARD_DATA, token=058c46f3-d629-49c9-8045-bccc9b79ba6b
2026-06-22 20:37:35 [Thread-14] INFO  c.m.c.n.ServerCommunicator - Waiting for response...
2026-06-22 20:37:35 [Thread-14] INFO  c.m.c.n.ServerCommunicator - ← Received response line length: 402
2026-06-22 20:37:35 [Thread-15] INFO  c.m.c.n.ServerCommunicator - → Sending request: action=GET_PRODUCTS, token=058c46f3-d629-49c9-8045-bccc9b79ba6b
2026-06-22 20:37:35 [Thread-15] INFO  c.m.c.n.ServerCommunicator - Waiting for response...
2026-06-22 20:37:35 [Thread-15] INFO  c.m.c.n.ServerCommunicator - ← Received response line length: 4374
2026-06-22 20:37:36 [Thread-16] INFO  c.m.c.n.ServerCommunicator - → Sending request: action=GET_DASHBOARD_DATA, token=058c46f3-d629-49c9-8045-bccc9b79ba6b
2026-06-22 20:37:36 [Thread-16] INFO  c.m.c.n.ServerCommunicator - Waiting for response...
2026-06-22 20:37:36 [Thread-16] INFO  c.m.c.n.ServerCommunicator - ← Received response line length: 402
2026-06-22 20:37:36 [Thread-17] INFO  c.m.c.n.ServerCommunicator - → Sending request: action=GET_PRODUCTS, token=058c46f3-d629-49c9-8045-bccc9b79ba6b
2026-06-22 20:37:36 [Thread-17] INFO  c.m.c.n.ServerCommunicator - Waiting for response...
2026-06-22 20:37:36 [Thread-17] INFO  c.m.c.n.ServerCommunicator - ← Received response line length: 4374
2026-06-22 20:37:36 [Thread-18] INFO  c.m.c.n.ServerCommunicator - → Sending request: action=GET_DASHBOARD_DATA, token=058c46f3-d629-49c9-8045-bccc9b79ba6b
2026-06-22 20:37:36 [Thread-18] INFO  c.m.c.n.ServerCommunicator - Waiting for response...
2026-06-22 20:37:36 [Thread-18] INFO  c.m.c.n.ServerCommunicator - ← Received response line length: 402
2026-06-22 20:38:38 [Thread-19] INFO  c.m.c.n.ServerCommunicator - → Sending request: action=GET_PRODUCTS, token=058c46f3-d629-49c9-8045-bccc9b79ba6b
2026-06-22 20:38:38 [Thread-19] INFO  c.m.c.n.ServerCommunicator - Waiting for response...
2026-06-22 20:38:38 [Thread-19] INFO  c.m.c.n.ServerCommunicator - ← Received response line length: 4374
2026-06-22 20:38:46 [Thread-20] INFO  c.m.c.n.ServerCommunicator - → Sending request: action=GET_CUSTOMERS, token=058c46f3-d629-49c9-8045-bccc9b79ba6b
2026-06-22 20:38:46 [Thread-20] INFO  c.m.c.n.ServerCommunicator - Waiting for response...
2026-06-22 20:38:46 [Thread-20] INFO  c.m.c.n.ServerCommunicator - ← Received response line length: 65
2026-06-22 20:38:52 [Thread-21] INFO  c.m.c.n.ServerCommunicator - → Sending request: action=GET_ORDERS, token=058c46f3-d629-49c9-8045-bccc9b79ba6b
2026-06-22 20:38:52 [Thread-21] INFO  c.m.c.n.ServerCommunicator - Waiting for response...
2026-06-22 20:38:52 [Thread-21] INFO  c.m.c.n.ServerCommunicator - ← Received response line length: 1209
2026-06-22 20:38:59 [Thread-22] INFO  c.m.c.n.ServerCommunicator - → Sending request: action=GET_USERS, token=058c46f3-d629-49c9-8045-bccc9b79ba6b
2026-06-22 20:38:59 [Thread-22] INFO  c.m.c.n.ServerCommunicator - Waiting for response...
2026-06-22 20:38:59 [Thread-22] INFO  c.m.c.n.ServerCommunicator - ← Received response line length: 975
2026-06-22 20:39:07 [Thread-23] INFO  c.m.c.n.ServerCommunicator - → Sending request: action=GET_USERS, token=058c46f3-d629-49c9-8045-bccc9b79ba6b
2026-06-22 20:39:07 [Thread-23] INFO  c.m.c.n.ServerCommunicator - Waiting for response...
2026-06-22 20:39:07 [Thread-23] INFO  c.m.c.n.ServerCommunicator - ← Received response line length: 975
2026-06-22 20:39:07 [Thread-24] INFO  c.m.c.n.ServerCommunicator - → Sending request: action=GET_LOGS, token=058c46f3-d629-49c9-8045-bccc9b79ba6b
2026-06-22 20:39:07 [Thread-24] INFO  c.m.c.n.ServerCommunicator - Waiting for response...
2026-06-22 20:39:07 [Thread-24] INFO  c.m.c.n.ServerCommunicator - ← Received response line length: 4385
2026-06-22 20:39:43 [Thread-25] INFO  c.m.c.n.ServerCommunicator - → Sending request: action=LOGOUT, token=058c46f3-d629-49c9-8045-bccc9b79ba6b
2026-06-22 20:39:43 [Thread-25] INFO  c.m.c.n.ServerCommunicator - Waiting for response...
2026-06-22 20:39:43 [Thread-25] INFO  c.m.c.n.ServerCommunicator - ← Received response line length: 52
2026-06-22 20:40:05 [JavaFX Application Thread] INFO  c.m.client.ui.LoginController - Register button clicked for user: khoamb
2026-06-22 20:40:05 [Thread-26] INFO  c.m.c.n.ServerCommunicator - → Sending request: action=REGISTER, token=null
2026-06-22 20:40:05 [Thread-26] INFO  c.m.c.n.ServerCommunicator - Waiting for response...
2026-06-22 20:40:05 [Thread-26] INFO  c.m.c.n.ServerCommunicator - ← Received response line length: 169
2026-06-22 20:40:05 [JavaFX Application Thread] INFO  c.m.client.ui.LoginController - Registration task succeeded for user: khoamb
2026-06-22 20:40:07 [JavaFX Application Thread] INFO  c.m.client.ui.LoginController - Login button clicked for user: khoamb
2026-06-22 20:40:07 [Thread-27] INFO  c.m.client.ui.LoginController - Background login task started for user: khoamb
2026-06-22 20:40:07 [Thread-27] INFO  c.m.c.n.ServerCommunicator - → Sending request: action=LOGIN, token=null
2026-06-22 20:40:07 [Thread-27] INFO  c.m.c.n.ServerCommunicator - Waiting for response...
2026-06-22 20:40:07 [Thread-27] INFO  c.m.c.n.ServerCommunicator - ← Received response line length: 289
2026-06-22 20:40:07 [JavaFX Application Thread] INFO  c.m.client.ui.LoginController - Login task succeeded for user: khoamb
2026-06-22 20:40:07 [Thread-28] INFO  c.m.c.n.ServerCommunicator - → Sending request: action=GET_PRODUCTS, token=4888029a-f203-43b3-a635-7032abed4fba
2026-06-22 20:40:07 [Thread-28] INFO  c.m.c.n.ServerCommunicator - Waiting for response...
2026-06-22 20:40:07 [Thread-28] INFO  c.m.c.n.ServerCommunicator - ← Received response line length: 4374
2026-06-22 20:40:07 [Thread-28] INFO  c.m.c.n.ServerCommunicator - → Sending request: action=GET_CUSTOMERS, token=4888029a-f203-43b3-a635-7032abed4fba
2026-06-22 20:40:07 [Thread-28] INFO  c.m.c.n.ServerCommunicator - Waiting for response...
2026-06-22 20:40:07 [Thread-28] INFO  c.m.c.n.ServerCommunicator - ← Received response line length: 65
2026-06-22 20:40:38 [Thread-29] INFO  c.m.c.n.ServerCommunicator - → Sending request: action=CREATE_ORDER, token=4888029a-f203-43b3-a635-7032abed4fba
2026-06-22 20:40:38 [Thread-29] INFO  c.m.c.n.ServerCommunicator - Waiting for response...
2026-06-22 20:40:38 [Thread-29] INFO  c.m.c.n.ServerCommunicator - ← Received response line length: 488
2026-06-22 20:40:40 [Thread-30] INFO  c.m.c.n.ServerCommunicator - → Sending request: action=GET_PRODUCTS, token=4888029a-f203-43b3-a635-7032abed4fba
2026-06-22 20:40:40 [Thread-30] INFO  c.m.c.n.ServerCommunicator - Waiting for response...
2026-06-22 20:40:40 [Thread-30] INFO  c.m.c.n.ServerCommunicator - ← Received response line length: 4374
2026-06-22 20:40:40 [Thread-30] INFO  c.m.c.n.ServerCommunicator - → Sending request: action=GET_CUSTOMERS, token=4888029a-f203-43b3-a635-7032abed4fba
2026-06-22 20:40:40 [Thread-30] INFO  c.m.c.n.ServerCommunicator - Waiting for response...
2026-06-22 20:40:40 [Thread-30] INFO  c.m.c.n.ServerCommunicator - ← Received response line length: 65
2026-06-22 20:43:15 [Thread-31] INFO  c.m.c.n.ServerCommunicator - → Sending request: action=LOGOUT, token=4888029a-f203-43b3-a635-7032abed4fba
2026-06-22 20:43:15 [Thread-31] INFO  c.m.c.n.ServerCommunicator - Waiting for response...
2026-06-22 20:43:15 [Thread-31] INFO  c.m.c.n.ServerCommunicator - ← Received response line length: 52
2026-06-22 20:43:26 [JavaFX Application Thread] INFO  c.m.c.n.ServerCommunicator - Disconnected from server
2026-06-22 20:43:26 [JavaFX Application Thread] INFO  c.minimart.client.ClientMain - Client application stopped
2026-06-22 21:07:21 [JavaFX Application Thread] INFO  c.m.c.n.ServerCommunicator - Connected to server at localhost:9999
2026-06-22 21:07:21 [JavaFX Application Thread] INFO  c.minimart.client.ClientMain - Connected to Mini Mart Server
2026-06-22 21:07:32 [JavaFX Application Thread] INFO  c.m.client.ui.LoginController - Login button clicked for user: nhanvien1
2026-06-22 21:07:32 [Thread-3] INFO  c.m.client.ui.LoginController - Background login task started for user: nhanvien1
2026-06-22 21:07:32 [Thread-3] INFO  c.m.c.n.ServerCommunicator - → Sending request: action=LOGIN, token=null
2026-06-22 21:07:32 [Thread-3] INFO  c.m.c.n.ServerCommunicator - Waiting for response...
2026-06-22 21:07:33 [Thread-3] INFO  c.m.c.n.ServerCommunicator - ← Received response line length: 300
2026-06-22 21:07:33 [JavaFX Application Thread] INFO  c.m.client.ui.LoginController - Login task succeeded for user: nhanvien1
2026-06-22 21:07:33 [Thread-4] INFO  c.m.c.n.ServerCommunicator - → Sending request: action=GET_PRODUCTS, token=a081b61a-2c4a-49ab-8091-d1a766575911
2026-06-22 21:07:33 [Thread-4] INFO  c.m.c.n.ServerCommunicator - Waiting for response...
2026-06-22 21:07:33 [Thread-4] INFO  c.m.c.n.ServerCommunicator - ← Received response line length: 16211
2026-06-22 21:07:33 [Thread-4] INFO  c.m.c.n.ServerCommunicator - → Sending request: action=GET_CUSTOMERS, token=a081b61a-2c4a-49ab-8091-d1a766575911
2026-06-22 21:07:33 [Thread-4] INFO  c.m.c.n.ServerCommunicator - Waiting for response...
2026-06-22 21:07:33 [Thread-4] INFO  c.m.c.n.ServerCommunicator - ← Received response line length: 1125
2026-06-22 21:12:40 [JavaFX Application Thread] INFO  c.m.c.n.ServerCommunicator - Disconnected from server
2026-06-22 21:12:40 [JavaFX Application Thread] INFO  c.minimart.client.ClientMain - Client application stopped
2026-06-22 21:30:40 [JavaFX Application Thread] INFO  c.m.c.n.ServerCommunicator - Connected to server at localhost:9999
2026-06-22 21:30:40 [JavaFX Application Thread] INFO  c.minimart.client.ClientMain - Connected to Mini Mart Server
2026-06-22 21:30:51 [JavaFX Application Thread] INFO  c.m.client.ui.LoginController - Login button clicked for user: nhanvien1
2026-06-22 21:30:51 [Thread-3] INFO  c.m.client.ui.LoginController - Background login task started for user: nhanvien1
2026-06-22 21:30:51 [Thread-3] INFO  c.m.c.n.ServerCommunicator - → Sending request: action=LOGIN, token=null
2026-06-22 21:30:51 [Thread-3] INFO  c.m.c.n.ServerCommunicator - Waiting for response...
2026-06-22 21:30:51 [Thread-3] INFO  c.m.c.n.ServerCommunicator - ← Received response line length: 300
2026-06-22 21:30:51 [JavaFX Application Thread] INFO  c.m.client.ui.LoginController - Login task succeeded for user: nhanvien1
2026-06-22 21:30:51 [Thread-4] INFO  c.m.c.n.ServerCommunicator - → Sending request: action=GET_PRODUCTS, token=4030c195-30f9-46ed-a145-16b8de9cf7e0
2026-06-22 21:30:51 [Thread-4] INFO  c.m.c.n.ServerCommunicator - Waiting for response...
2026-06-22 21:30:51 [Thread-4] INFO  c.m.c.n.ServerCommunicator - ← Received response line length: 16211
2026-06-22 21:30:51 [Thread-4] INFO  c.m.c.n.ServerCommunicator - → Sending request: action=GET_CUSTOMERS, token=4030c195-30f9-46ed-a145-16b8de9cf7e0
2026-06-22 21:30:51 [Thread-4] INFO  c.m.c.n.ServerCommunicator - Waiting for response...
2026-06-22 21:30:51 [Thread-4] INFO  c.m.c.n.ServerCommunicator - ← Received response line length: 1125
2026-06-22 21:34:52 [JavaFX Application Thread] INFO  c.m.c.n.ServerCommunicator - Disconnected from server
2026-06-22 21:34:52 [JavaFX Application Thread] INFO  c.minimart.client.ClientMain - Client application stopped
2026-06-22 21:36:00 [JavaFX Application Thread] INFO  c.m.c.n.ServerCommunicator - Connected to server at localhost:9999
2026-06-22 21:36:00 [JavaFX Application Thread] INFO  c.minimart.client.ClientMain - Connected to Mini Mart Server
2026-06-22 21:36:08 [JavaFX Application Thread] INFO  c.m.client.ui.LoginController - Login button clicked for user: nhanvien1
2026-06-22 21:36:08 [Thread-3] INFO  c.m.client.ui.LoginController - Background login task started for user: nhanvien1
2026-06-22 21:36:08 [Thread-3] INFO  c.m.c.n.ServerCommunicator - → Sending request: action=LOGIN, token=null
2026-06-22 21:36:08 [Thread-3] INFO  c.m.c.n.ServerCommunicator - Waiting for response...
2026-06-22 21:36:08 [Thread-3] INFO  c.m.c.n.ServerCommunicator - ← Received response line length: 300
2026-06-22 21:36:08 [JavaFX Application Thread] INFO  c.m.client.ui.LoginController - Login task succeeded for user: nhanvien1
2026-06-22 21:36:08 [Thread-4] INFO  c.m.c.n.ServerCommunicator - → Sending request: action=GET_PRODUCTS, token=faf715c5-ead0-44c3-a184-1a0bf4a00822
2026-06-22 21:36:08 [Thread-4] INFO  c.m.c.n.ServerCommunicator - Waiting for response...
2026-06-22 21:36:08 [Thread-4] INFO  c.m.c.n.ServerCommunicator - ← Received response line length: 16211
2026-06-22 21:36:08 [Thread-4] INFO  c.m.c.n.ServerCommunicator - → Sending request: action=GET_CUSTOMERS, token=faf715c5-ead0-44c3-a184-1a0bf4a00822
2026-06-22 21:36:08 [Thread-4] INFO  c.m.c.n.ServerCommunicator - Waiting for response...
2026-06-22 21:36:08 [Thread-4] INFO  c.m.c.n.ServerCommunicator - ← Received response line length: 1125
2026-06-22 21:41:02 [JavaFX Application Thread] INFO  c.m.c.n.ServerCommunicator - Disconnected from server
2026-06-22 21:41:02 [JavaFX Application Thread] INFO  c.minimart.client.ClientMain - Client application stopped
2026-06-22 21:45:26 [JavaFX Application Thread] INFO  c.m.c.n.ServerCommunicator - Connected to server at localhost:9999
2026-06-22 21:45:26 [JavaFX Application Thread] INFO  c.minimart.client.ClientMain - Connected to Mini Mart Server
2026-06-22 21:45:42 [JavaFX Application Thread] INFO  c.m.client.ui.LoginController - Login button clicked for user: nhanvien1
2026-06-22 21:45:42 [Thread-3] INFO  c.m.client.ui.LoginController - Background login task started for user: nhanvien1
2026-06-22 21:45:42 [Thread-3] INFO  c.m.c.n.ServerCommunicator - → Sending request: action=LOGIN, token=null
2026-06-22 21:45:42 [Thread-3] INFO  c.m.c.n.ServerCommunicator - Waiting for response...
2026-06-22 21:45:43 [Thread-3] INFO  c.m.c.n.ServerCommunicator - ← Received response line length: 300
2026-06-22 21:45:43 [JavaFX Application Thread] INFO  c.m.client.ui.LoginController - Login task succeeded for user: nhanvien1
2026-06-22 21:45:43 [Thread-4] INFO  c.m.c.n.ServerCommunicator - → Sending request: action=GET_PRODUCTS, token=4cffd85b-5565-473e-8d76-c77552d6e0f1
2026-06-22 21:45:43 [Thread-4] INFO  c.m.c.n.ServerCommunicator - Waiting for response...
2026-06-22 21:45:43 [Thread-4] INFO  c.m.c.n.ServerCommunicator - ← Received response line length: 16211
2026-06-22 21:45:43 [Thread-4] INFO  c.m.c.n.ServerCommunicator - → Sending request: action=GET_CUSTOMERS, token=4cffd85b-5565-473e-8d76-c77552d6e0f1
2026-06-22 21:45:43 [Thread-4] INFO  c.m.c.n.ServerCommunicator - Waiting for response...
2026-06-22 21:45:43 [Thread-4] INFO  c.m.c.n.ServerCommunicator - ← Received response line length: 1125
2026-06-22 21:46:03 [Thread-5] INFO  c.m.c.n.ServerCommunicator - → Sending request: action=CREATE_ORDER, token=4cffd85b-5565-473e-8d76-c77552d6e0f1
2026-06-22 21:46:03 [Thread-5] INFO  c.m.c.n.ServerCommunicator - Waiting for response...
2026-06-22 21:46:03 [Thread-5] INFO  c.m.c.n.ServerCommunicator - ← Received response line length: 329
2026-06-22 21:46:05 [Thread-6] INFO  c.m.c.n.ServerCommunicator - → Sending request: action=GET_PRODUCTS, token=4cffd85b-5565-473e-8d76-c77552d6e0f1
2026-06-22 21:46:05 [Thread-6] INFO  c.m.c.n.ServerCommunicator - Waiting for response...
2026-06-22 21:46:05 [Thread-6] INFO  c.m.c.n.ServerCommunicator - ← Received response line length: 16211
2026-06-22 21:46:05 [Thread-6] INFO  c.m.c.n.ServerCommunicator - → Sending request: action=GET_CUSTOMERS, token=4cffd85b-5565-473e-8d76-c77552d6e0f1
2026-06-22 21:46:05 [Thread-6] INFO  c.m.c.n.ServerCommunicator - Waiting for response...
2026-06-22 21:46:05 [Thread-6] INFO  c.m.c.n.ServerCommunicator - ← Received response line length: 1125
2026-06-22 21:46:07 [Thread-7] INFO  c.m.c.n.ServerCommunicator - → Sending request: action=LOGOUT, token=4cffd85b-5565-473e-8d76-c77552d6e0f1
2026-06-22 21:46:07 [Thread-7] INFO  c.m.c.n.ServerCommunicator - Waiting for response...
2026-06-22 21:46:07 [Thread-7] INFO  c.m.c.n.ServerCommunicator - ← Received response line length: 52
2026-06-22 21:46:09 [JavaFX Application Thread] INFO  c.m.c.n.ServerCommunicator - Disconnected from server
2026-06-22 21:46:09 [JavaFX Application Thread] INFO  c.minimart.client.ClientMain - Client application stopped
2026-06-22 22:08:20 [JavaFX Application Thread] INFO  c.m.c.n.ServerCommunicator - Connected to server at localhost:9999
2026-06-22 22:08:20 [JavaFX Application Thread] INFO  c.minimart.client.ClientMain - Connected to Mini Mart Server
2026-06-22 22:08:29 [JavaFX Application Thread] INFO  c.m.client.ui.LoginController - Login button clicked for user: admin
2026-06-22 22:08:29 [Thread-3] INFO  c.m.client.ui.LoginController - Background login task started for user: admin
2026-06-22 22:08:29 [Thread-3] INFO  c.m.c.n.ServerCommunicator - → Sending request: action=LOGIN, token=null
2026-06-22 22:08:29 [Thread-3] INFO  c.m.c.n.ServerCommunicator - Waiting for response...
2026-06-22 22:08:30 [Thread-3] INFO  c.m.c.n.ServerCommunicator - ← Received response line length: 58
2026-06-22 22:08:30 [Thread-3] ERROR c.m.client.ui.LoginController - Exception in background login service call: Invalid username or password
java.lang.RuntimeException: Invalid username or password
	at com.minimart.client.service.ClientService.login(ClientService.java:80)
	at com.minimart.client.ui.LoginController$1.call(LoginController.java:108)
	at com.minimart.client.ui.LoginController$1.call(LoginController.java:103)
	at javafx.concurrent.Task$TaskCallable.call(Task.java:1399)
	at java.base/java.util.concurrent.FutureTask.run(FutureTask.java:317)
	at java.base/java.lang.Thread.run(Thread.java:1583)
2026-06-22 22:08:30 [JavaFX Application Thread] WARN  c.m.client.ui.LoginController - Login task failed for user: admin. Error: Invalid username or password
java.lang.RuntimeException: Invalid username or password
	at com.minimart.client.service.ClientService.login(ClientService.java:80)
	at com.minimart.client.ui.LoginController$1.call(LoginController.java:108)
	at com.minimart.client.ui.LoginController$1.call(LoginController.java:103)
	at javafx.concurrent.Task$TaskCallable.call(Task.java:1399)
	at java.base/java.util.concurrent.FutureTask.run(FutureTask.java:317)
	at java.base/java.lang.Thread.run(Thread.java:1583)
2026-06-22 22:08:36 [JavaFX Application Thread] INFO  c.m.client.ui.LoginController - Login button clicked for user: admin
2026-06-22 22:08:36 [Thread-4] INFO  c.m.client.ui.LoginController - Background login task started for user: admin
2026-06-22 22:08:36 [Thread-4] INFO  c.m.c.n.ServerCommunicator - → Sending request: action=LOGIN, token=null
2026-06-22 22:08:36 [Thread-4] INFO  c.m.c.n.ServerCommunicator - Waiting for response...
2026-06-22 22:08:36 [Thread-4] INFO  c.m.c.n.ServerCommunicator - ← Received response line length: 294
2026-06-22 22:08:36 [JavaFX Application Thread] INFO  c.m.client.ui.LoginController - Login task succeeded for user: admin
2026-06-22 22:08:36 [Thread-5] INFO  c.m.c.n.ServerCommunicator - → Sending request: action=GET_DASHBOARD_DATA, token=728a449c-3861-4150-8c21-63d1e35c21da
2026-06-22 22:08:36 [Thread-5] INFO  c.m.c.n.ServerCommunicator - Waiting for response...
2026-06-22 22:08:36 [Thread-5] INFO  c.m.c.n.ServerCommunicator - ← Received response line length: 418
2026-06-22 22:08:41 [Thread-6] INFO  c.m.c.n.ServerCommunicator - → Sending request: action=GET_PRODUCTS, token=728a449c-3861-4150-8c21-63d1e35c21da
2026-06-22 22:08:41 [Thread-6] INFO  c.m.c.n.ServerCommunicator - Waiting for response...
2026-06-22 22:08:41 [Thread-6] INFO  c.m.c.n.ServerCommunicator - ← Received response line length: 16211
2026-06-22 22:08:51 [Thread-7] INFO  c.m.c.n.ServerCommunicator - → Sending request: action=GET_CUSTOMERS, token=728a449c-3861-4150-8c21-63d1e35c21da
2026-06-22 22:08:51 [Thread-7] INFO  c.m.c.n.ServerCommunicator - Waiting for response...
2026-06-22 22:08:51 [Thread-7] INFO  c.m.c.n.ServerCommunicator - ← Received response line length: 1125
2026-06-22 22:09:00 [Thread-8] INFO  c.m.c.n.ServerCommunicator - → Sending request: action=GET_ORDERS, token=728a449c-3861-4150-8c21-63d1e35c21da
2026-06-22 22:09:00 [Thread-8] INFO  c.m.c.n.ServerCommunicator - Waiting for response...
2026-06-22 22:09:00 [Thread-8] INFO  c.m.c.n.ServerCommunicator - ← Received response line length: 1401
2026-06-22 22:09:03 [Thread-9] INFO  c.m.c.n.ServerCommunicator - → Sending request: action=GET_CUSTOMERS, token=728a449c-3861-4150-8c21-63d1e35c21da
2026-06-22 22:09:03 [Thread-9] INFO  c.m.c.n.ServerCommunicator - Waiting for response...
2026-06-22 22:09:03 [Thread-9] INFO  c.m.c.n.ServerCommunicator - ← Received response line length: 1125
2026-06-22 22:09:04 [Thread-10] INFO  c.m.c.n.ServerCommunicator - → Sending request: action=GET_USERS, token=728a449c-3861-4150-8c21-63d1e35c21da
2026-06-22 22:09:04 [Thread-10] INFO  c.m.c.n.ServerCommunicator - Waiting for response...
2026-06-22 22:09:04 [Thread-10] INFO  c.m.c.n.ServerCommunicator - ← Received response line length: 584
2026-06-22 22:09:07 [Thread-11] INFO  c.m.c.n.ServerCommunicator - → Sending request: action=GET_LOGS, token=728a449c-3861-4150-8c21-63d1e35c21da
2026-06-22 22:09:07 [Thread-11] INFO  c.m.c.n.ServerCommunicator - Waiting for response...
2026-06-22 22:09:07 [Thread-11] INFO  c.m.c.n.ServerCommunicator - ← Received response line length: 3933
2026-06-22 22:09:11 [Thread-12] INFO  c.m.c.n.ServerCommunicator - → Sending request: action=GET_CUSTOMERS, token=728a449c-3861-4150-8c21-63d1e35c21da
2026-06-22 22:09:11 [Thread-12] INFO  c.m.c.n.ServerCommunicator - Waiting for response...
2026-06-22 22:09:11 [Thread-12] INFO  c.m.c.n.ServerCommunicator - ← Received response line length: 1125
2026-06-22 22:09:11 [Thread-13] INFO  c.m.c.n.ServerCommunicator - → Sending request: action=GET_DASHBOARD_DATA, token=728a449c-3861-4150-8c21-63d1e35c21da
2026-06-22 22:09:11 [Thread-13] INFO  c.m.c.n.ServerCommunicator - Waiting for response...
2026-06-22 22:09:11 [Thread-13] INFO  c.m.c.n.ServerCommunicator - ← Received response line length: 418
2026-06-22 22:11:28 [Thread-14] INFO  c.m.c.n.ServerCommunicator - → Sending request: action=GET_USERS, token=728a449c-3861-4150-8c21-63d1e35c21da
2026-06-22 22:11:28 [Thread-14] INFO  c.m.c.n.ServerCommunicator - Waiting for response...
2026-06-22 22:11:28 [Thread-14] INFO  c.m.c.n.ServerCommunicator - ← Received response line length: 584
2026-06-22 22:11:29 [Thread-15] INFO  c.m.c.n.ServerCommunicator - → Sending request: action=GET_ORDERS, token=728a449c-3861-4150-8c21-63d1e35c21da
2026-06-22 22:11:29 [Thread-15] INFO  c.m.c.n.ServerCommunicator - Waiting for response...
2026-06-22 22:11:29 [Thread-15] INFO  c.m.c.n.ServerCommunicator - ← Received response line length: 1401
2026-06-22 22:11:32 [Thread-16] INFO  c.m.c.n.ServerCommunicator - → Sending request: action=GET_ORDERS, token=728a449c-3861-4150-8c21-63d1e35c21da
2026-06-22 22:11:32 [Thread-16] INFO  c.m.c.n.ServerCommunicator - Waiting for response...
2026-06-22 22:11:32 [Thread-16] INFO  c.m.c.n.ServerCommunicator - ← Received response line length: 1401
2026-06-22 22:11:33 [Thread-17] INFO  c.m.c.n.ServerCommunicator - → Sending request: action=GET_CUSTOMERS, token=728a449c-3861-4150-8c21-63d1e35c21da
2026-06-22 22:11:33 [Thread-17] INFO  c.m.c.n.ServerCommunicator - Waiting for response...
2026-06-22 22:11:33 [Thread-17] INFO  c.m.c.n.ServerCommunicator - ← Received response line length: 1125
2026-06-22 22:11:34 [Thread-18] INFO  c.m.c.n.ServerCommunicator - → Sending request: action=GET_PRODUCTS, token=728a449c-3861-4150-8c21-63d1e35c21da
2026-06-22 22:11:34 [Thread-18] INFO  c.m.c.n.ServerCommunicator - Waiting for response...
2026-06-22 22:11:34 [Thread-18] INFO  c.m.c.n.ServerCommunicator - ← Received response line length: 16211
2026-06-22 22:11:43 [Thread-19] INFO  c.m.c.n.ServerCommunicator - → Sending request: action=EXPORT_PRODUCTS_XML, token=728a449c-3861-4150-8c21-63d1e35c21da
2026-06-22 22:11:43 [Thread-19] INFO  c.m.c.n.ServerCommunicator - Waiting for response...
2026-06-22 22:11:43 [Thread-19] INFO  c.m.c.n.ServerCommunicator - ← Received response line length: 32661
2026-06-22 22:12:00 [Thread-20] INFO  c.m.c.n.ServerCommunicator - → Sending request: action=GET_DASHBOARD_DATA, token=728a449c-3861-4150-8c21-63d1e35c21da
2026-06-22 22:12:00 [Thread-20] INFO  c.m.c.n.ServerCommunicator - Waiting for response...
2026-06-22 22:12:00 [Thread-20] INFO  c.m.c.n.ServerCommunicator - ← Received response line length: 418
2026-06-22 22:12:01 [Thread-21] INFO  c.m.c.n.ServerCommunicator - → Sending request: action=GET_CUSTOMERS, token=728a449c-3861-4150-8c21-63d1e35c21da
2026-06-22 22:12:01 [Thread-21] INFO  c.m.c.n.ServerCommunicator - Waiting for response...
2026-06-22 22:12:01 [Thread-21] INFO  c.m.c.n.ServerCommunicator - ← Received response line length: 1125
2026-06-22 22:12:02 [Thread-22] INFO  c.m.c.n.ServerCommunicator - → Sending request: action=GET_ORDERS, token=728a449c-3861-4150-8c21-63d1e35c21da
2026-06-22 22:12:02 [Thread-22] INFO  c.m.c.n.ServerCommunicator - Waiting for response...
2026-06-22 22:12:02 [Thread-22] INFO  c.m.c.n.ServerCommunicator - ← Received response line length: 1401
2026-06-22 22:12:05 [Thread-23] INFO  c.m.c.n.ServerCommunicator - → Sending request: action=GET_ORDER_DETAIL, token=728a449c-3861-4150-8c21-63d1e35c21da
2026-06-22 22:12:05 [Thread-23] INFO  c.m.c.n.ServerCommunicator - Waiting for response...
2026-06-22 22:12:05 [Thread-23] INFO  c.m.c.n.ServerCommunicator - ← Received response line length: 453
2026-06-22 22:12:10 [Thread-24] INFO  c.m.c.n.ServerCommunicator - → Sending request: action=GET_USERS, token=728a449c-3861-4150-8c21-63d1e35c21da
2026-06-22 22:12:10 [Thread-24] INFO  c.m.c.n.ServerCommunicator - Waiting for response...
2026-06-22 22:12:10 [Thread-24] INFO  c.m.c.n.ServerCommunicator - ← Received response line length: 584
2026-06-22 22:12:11 [Thread-25] INFO  c.m.c.n.ServerCommunicator - → Sending request: action=GET_LOGS, token=728a449c-3861-4150-8c21-63d1e35c21da
2026-06-22 22:12:11 [Thread-25] INFO  c.m.c.n.ServerCommunicator - Waiting for response...
2026-06-22 22:12:11 [Thread-25] INFO  c.m.c.n.ServerCommunicator - ← Received response line length: 4130
2026-06-22 22:12:12 [Thread-26] INFO  c.m.c.n.ServerCommunicator - → Sending request: action=GET_PRODUCTS, token=728a449c-3861-4150-8c21-63d1e35c21da
2026-06-22 22:12:12 [Thread-26] INFO  c.m.c.n.ServerCommunicator - Waiting for response...
2026-06-22 22:12:12 [Thread-26] INFO  c.m.c.n.ServerCommunicator - ← Received response line length: 16211
2026-06-22 22:12:47 [Thread-27] INFO  c.m.c.n.ServerCommunicator - → Sending request: action=GET_DASHBOARD_DATA, token=728a449c-3861-4150-8c21-63d1e35c21da
2026-06-22 22:12:47 [Thread-27] INFO  c.m.c.n.ServerCommunicator - Waiting for response...
2026-06-22 22:12:47 [Thread-27] INFO  c.m.c.n.ServerCommunicator - ← Received response line length: 418
2026-06-22 22:13:11 [Thread-28] INFO  c.m.c.n.ServerCommunicator - → Sending request: action=GET_PRODUCTS, token=728a449c-3861-4150-8c21-63d1e35c21da
2026-06-22 22:13:11 [Thread-28] INFO  c.m.c.n.ServerCommunicator - Waiting for response...
2026-06-22 22:13:11 [Thread-28] INFO  c.m.c.n.ServerCommunicator - ← Received response line length: 16211
2026-06-22 22:14:08 [Thread-29] INFO  c.m.c.n.ServerCommunicator - → Sending request: action=GET_CUSTOMERS, token=728a449c-3861-4150-8c21-63d1e35c21da
2026-06-22 22:14:08 [Thread-29] INFO  c.m.c.n.ServerCommunicator - Waiting for response...
2026-06-22 22:14:08 [Thread-29] INFO  c.m.c.n.ServerCommunicator - ← Received response line length: 1125
2026-06-22 22:14:19 [Thread-30] INFO  c.m.c.n.ServerCommunicator - → Sending request: action=GET_ORDERS, token=728a449c-3861-4150-8c21-63d1e35c21da
2026-06-22 22:14:19 [Thread-30] INFO  c.m.c.n.ServerCommunicator - Waiting for response...
2026-06-22 22:14:19 [Thread-30] INFO  c.m.c.n.ServerCommunicator - ← Received response line length: 1401
2026-06-22 22:14:21 [Thread-31] INFO  c.m.c.n.ServerCommunicator - → Sending request: action=GET_ORDER_DETAIL, token=728a449c-3861-4150-8c21-63d1e35c21da
2026-06-22 22:14:21 [Thread-31] INFO  c.m.c.n.ServerCommunicator - Waiting for response...
2026-06-22 22:14:21 [Thread-31] INFO  c.m.c.n.ServerCommunicator - ← Received response line length: 453
2026-06-22 22:14:23 [Thread-32] INFO  c.m.c.n.ServerCommunicator - → Sending request: action=GET_ORDER_DETAIL, token=728a449c-3861-4150-8c21-63d1e35c21da
2026-06-22 22:14:23 [Thread-32] INFO  c.m.c.n.ServerCommunicator - Waiting for response...
2026-06-22 22:14:23 [Thread-32] INFO  c.m.c.n.ServerCommunicator - ← Received response line length: 800
2026-06-22 22:14:24 [Thread-33] INFO  c.m.c.n.ServerCommunicator - → Sending request: action=GET_USERS, token=728a449c-3861-4150-8c21-63d1e35c21da
2026-06-22 22:14:24 [Thread-33] INFO  c.m.c.n.ServerCommunicator - Waiting for response...
2026-06-22 22:14:24 [Thread-33] INFO  c.m.c.n.ServerCommunicator - ← Received response line length: 584
2026-06-22 22:14:27 [Thread-34] INFO  c.m.c.n.ServerCommunicator - → Sending request: action=GET_ORDERS, token=728a449c-3861-4150-8c21-63d1e35c21da
2026-06-22 22:14:27 [Thread-34] INFO  c.m.c.n.ServerCommunicator - Waiting for response...
2026-06-22 22:14:27 [Thread-34] INFO  c.m.c.n.ServerCommunicator - ← Received response line length: 1401
2026-06-22 22:14:27 [Thread-35] INFO  c.m.c.n.ServerCommunicator - → Sending request: action=GET_CUSTOMERS, token=728a449c-3861-4150-8c21-63d1e35c21da
2026-06-22 22:14:27 [Thread-35] INFO  c.m.c.n.ServerCommunicator - Waiting for response...
2026-06-22 22:14:27 [Thread-35] INFO  c.m.c.n.ServerCommunicator - ← Received response line length: 1125
2026-06-22 22:14:41 [Thread-36] INFO  c.m.c.n.ServerCommunicator - → Sending request: action=GET_PRODUCTS, token=728a449c-3861-4150-8c21-63d1e35c21da
2026-06-22 22:14:41 [Thread-36] INFO  c.m.c.n.ServerCommunicator - Waiting for response...
2026-06-22 22:14:41 [Thread-36] INFO  c.m.c.n.ServerCommunicator - ← Received response line length: 16211
2026-06-22 22:16:58 [Thread-37] INFO  c.m.c.n.ServerCommunicator - → Sending request: action=UPDATE_PRODUCT, token=728a449c-3861-4150-8c21-63d1e35c21da
2026-06-22 22:16:58 [Thread-37] INFO  c.m.c.n.ServerCommunicator - Waiting for response...
2026-06-22 22:16:58 [Thread-37] INFO  c.m.c.n.ServerCommunicator - ← Received response line length: 512
2026-06-22 22:17:15 [Thread-39] INFO  c.m.c.n.ServerCommunicator - → Sending request: action=GET_DASHBOARD_DATA, token=728a449c-3861-4150-8c21-63d1e35c21da
2026-06-22 22:17:15 [Thread-39] INFO  c.m.c.n.ServerCommunicator - Waiting for response...
2026-06-22 22:17:15 [Thread-39] INFO  c.m.c.n.ServerCommunicator - ← Received response line length: 418
2026-06-22 22:17:36 [Thread-40] INFO  c.m.c.n.ServerCommunicator - → Sending request: action=GET_CUSTOMERS, token=728a449c-3861-4150-8c21-63d1e35c21da
2026-06-22 22:17:36 [Thread-40] INFO  c.m.c.n.ServerCommunicator - Waiting for response...
2026-06-22 22:17:36 [Thread-40] INFO  c.m.c.n.ServerCommunicator - ← Received response line length: 1125
2026-06-22 22:17:39 [Thread-41] INFO  c.m.c.n.ServerCommunicator - → Sending request: action=GET_USERS, token=728a449c-3861-4150-8c21-63d1e35c21da
2026-06-22 22:17:39 [Thread-41] INFO  c.m.c.n.ServerCommunicator - Waiting for response...
2026-06-22 22:17:39 [Thread-41] INFO  c.m.c.n.ServerCommunicator - ← Received response line length: 584
2026-06-22 22:17:39 [Thread-42] INFO  c.m.c.n.ServerCommunicator - → Sending request: action=GET_ORDERS, token=728a449c-3861-4150-8c21-63d1e35c21da
2026-06-22 22:17:39 [Thread-42] INFO  c.m.c.n.ServerCommunicator - Waiting for response...
2026-06-22 22:17:39 [Thread-42] INFO  c.m.c.n.ServerCommunicator - ← Received response line length: 1401
2026-06-22 22:17:41 [Thread-43] INFO  c.m.c.n.ServerCommunicator - → Sending request: action=GET_ORDER_DETAIL, token=728a449c-3861-4150-8c21-63d1e35c21da
2026-06-22 22:17:41 [Thread-43] INFO  c.m.c.n.ServerCommunicator - Waiting for response...
2026-06-22 22:17:41 [Thread-43] INFO  c.m.c.n.ServerCommunicator - ← Received response line length: 775
2026-06-22 22:17:43 [Thread-44] INFO  c.m.c.n.ServerCommunicator - → Sending request: action=GET_CUSTOMERS, token=728a449c-3861-4150-8c21-63d1e35c21da
2026-06-22 22:17:43 [Thread-44] INFO  c.m.c.n.ServerCommunicator - Waiting for response...
2026-06-22 22:17:43 [Thread-44] INFO  c.m.c.n.ServerCommunicator - ← Received response line length: 1125
2026-06-22 22:17:43 [Thread-45] INFO  c.m.c.n.ServerCommunicator - → Sending request: action=GET_PRODUCTS, token=728a449c-3861-4150-8c21-63d1e35c21da
2026-06-22 22:17:43 [Thread-45] INFO  c.m.c.n.ServerCommunicator - Waiting for response...
2026-06-22 22:17:43 [Thread-45] INFO  c.m.c.n.ServerCommunicator - ← Received response line length: 16340
2026-06-22 22:18:58 [Thread-47] INFO  c.m.c.n.ServerCommunicator - → Sending request: action=UPDATE_PRODUCT, token=728a449c-3861-4150-8c21-63d1e35c21da
2026-06-22 22:18:58 [Thread-47] INFO  c.m.c.n.ServerCommunicator - Waiting for response...
2026-06-22 22:18:58 [Thread-47] INFO  c.m.c.n.ServerCommunicator - ← Received response line length: 520
2026-06-22 22:19:21 [Thread-50] INFO  c.m.c.n.ServerCommunicator - → Sending request: action=UPDATE_PRODUCT, token=728a449c-3861-4150-8c21-63d1e35c21da
2026-06-22 22:19:21 [Thread-50] INFO  c.m.c.n.ServerCommunicator - Waiting for response...
2026-06-22 22:19:21 [Thread-50] INFO  c.m.c.n.ServerCommunicator - ← Received response line length: 515
2026-06-22 22:19:25 [Thread-54] INFO  c.m.c.n.ServerCommunicator - → Sending request: action=UPDATE_PRODUCT, token=728a449c-3861-4150-8c21-63d1e35c21da
2026-06-22 22:19:25 [Thread-54] INFO  c.m.c.n.ServerCommunicator - Waiting for response...
2026-06-22 22:19:25 [Thread-54] INFO  c.m.c.n.ServerCommunicator - ← Received response line length: 515
2026-06-22 22:20:10 [Thread-58] INFO  c.m.c.n.ServerCommunicator - → Sending request: action=UPDATE_PRODUCT, token=728a449c-3861-4150-8c21-63d1e35c21da
2026-06-22 22:20:10 [Thread-58] INFO  c.m.c.n.ServerCommunicator - Waiting for response...
2026-06-22 22:20:10 [Thread-58] INFO  c.m.c.n.ServerCommunicator - ← Received response line length: 523
2026-06-22 22:20:13 [Thread-63] INFO  c.m.c.n.ServerCommunicator - → Sending request: action=GET_CUSTOMERS, token=728a449c-3861-4150-8c21-63d1e35c21da
2026-06-22 22:20:13 [Thread-63] INFO  c.m.c.n.ServerCommunicator - Waiting for response...
2026-06-22 22:20:13 [Thread-63] INFO  c.m.c.n.ServerCommunicator - ← Received response line length: 1125
2026-06-22 22:20:15 [Thread-64] INFO  c.m.c.n.ServerCommunicator - → Sending request: action=GET_ORDERS, token=728a449c-3861-4150-8c21-63d1e35c21da
2026-06-22 22:20:15 [Thread-64] INFO  c.m.c.n.ServerCommunicator - Waiting for response...
2026-06-22 22:20:15 [Thread-64] INFO  c.m.c.n.ServerCommunicator - ← Received response line length: 1401
2026-06-22 22:20:16 [Thread-65] INFO  c.m.c.n.ServerCommunicator - → Sending request: action=GET_DASHBOARD_DATA, token=728a449c-3861-4150-8c21-63d1e35c21da
2026-06-22 22:20:16 [Thread-65] INFO  c.m.c.n.ServerCommunicator - Waiting for response...
2026-06-22 22:20:16 [Thread-65] INFO  c.m.c.n.ServerCommunicator - ← Received response line length: 418
2026-06-22 22:21:07 [Thread-66] INFO  c.m.c.n.ServerCommunicator - → Sending request: action=GET_PRODUCTS, token=728a449c-3861-4150-8c21-63d1e35c21da
2026-06-22 22:21:07 [Thread-66] INFO  c.m.c.n.ServerCommunicator - Waiting for response...
2026-06-22 22:21:07 [Thread-66] INFO  c.m.c.n.ServerCommunicator - ← Received response line length: 16740
2026-06-22 22:21:21 [Thread-71] INFO  c.m.c.n.ServerCommunicator - → Sending request: action=UPDATE_PRODUCT, token=728a449c-3861-4150-8c21-63d1e35c21da
2026-06-22 22:21:21 [Thread-71] INFO  c.m.c.n.ServerCommunicator - Waiting for response...
2026-06-22 22:21:21 [Thread-71] INFO  c.m.c.n.ServerCommunicator - ← Received response line length: 411
2026-06-22 22:22:05 [Thread-76] INFO  c.m.c.n.ServerCommunicator - → Sending request: action=UPDATE_PRODUCT, token=728a449c-3861-4150-8c21-63d1e35c21da
2026-06-22 22:22:05 [Thread-76] INFO  c.m.c.n.ServerCommunicator - Waiting for response...
2026-06-22 22:22:05 [Thread-76] INFO  c.m.c.n.ServerCommunicator - ← Received response line length: 579
2026-06-22 22:22:11 [Thread-81] INFO  c.m.c.n.ServerCommunicator - → Sending request: action=UPDATE_PRODUCT, token=728a449c-3861-4150-8c21-63d1e35c21da
2026-06-22 22:22:11 [Thread-81] INFO  c.m.c.n.ServerCommunicator - Waiting for response...
2026-06-22 22:22:11 [Thread-81] INFO  c.m.c.n.ServerCommunicator - ← Received response line length: 579
2026-06-22 22:22:46 [Thread-86] INFO  c.m.c.n.ServerCommunicator - → Sending request: action=UPDATE_PRODUCT, token=728a449c-3861-4150-8c21-63d1e35c21da
2026-06-22 22:22:46 [Thread-86] INFO  c.m.c.n.ServerCommunicator - Waiting for response...
2026-06-22 22:22:46 [Thread-86] INFO  c.m.c.n.ServerCommunicator - ← Received response line length: 548
2026-06-22 22:27:46 [Thread-91] INFO  c.m.c.n.ServerCommunicator - → Sending request: action=UPDATE_PRODUCT, token=728a449c-3861-4150-8c21-63d1e35c21da
2026-06-22 22:27:46 [Thread-91] INFO  c.m.c.n.ServerCommunicator - Waiting for response...
2026-06-22 22:27:46 [Thread-91] INFO  c.m.c.n.ServerCommunicator - ← Received response line length: 500
2026-06-22 22:28:29 [Thread-96] INFO  c.m.c.n.ServerCommunicator - → Sending request: action=UPDATE_PRODUCT, token=728a449c-3861-4150-8c21-63d1e35c21da
2026-06-22 22:28:29 [Thread-96] INFO  c.m.c.n.ServerCommunicator - Waiting for response...
2026-06-22 22:28:29 [Thread-96] INFO  c.m.c.n.ServerCommunicator - ← Received response line length: 521
2026-06-22 22:29:24 [Thread-101] INFO  c.m.c.n.ServerCommunicator - → Sending request: action=UPDATE_PRODUCT, token=728a449c-3861-4150-8c21-63d1e35c21da
2026-06-22 22:29:24 [Thread-101] INFO  c.m.c.n.ServerCommunicator - Waiting for response...
2026-06-22 22:29:24 [Thread-101] INFO  c.m.c.n.ServerCommunicator - ← Received response line length: 517
2026-06-22 22:39:58 [Thread-106] INFO  c.m.c.n.ServerCommunicator - → Sending request: action=UPDATE_PRODUCT, token=728a449c-3861-4150-8c21-63d1e35c21da
2026-06-22 22:39:58 [Thread-106] INFO  c.m.c.n.ServerCommunicator - Waiting for response...
2026-06-22 22:40:18 [Thread-107] INFO  c.m.c.n.ServerCommunicator - → Sending request: action=UPDATE_PRODUCT, token=728a449c-3861-4150-8c21-63d1e35c21da
2026-06-22 22:40:18 [Thread-107] INFO  c.m.c.n.ServerCommunicator - Waiting for response...
2026-06-22 22:40:37 [Thread-108] INFO  c.m.c.n.ServerCommunicator - → Sending request: action=UPDATE_PRODUCT, token=728a449c-3861-4150-8c21-63d1e35c21da
2026-06-22 22:40:37 [Thread-108] INFO  c.m.c.n.ServerCommunicator - Waiting for response...
2026-06-22 22:40:42 [Thread-109] INFO  c.m.c.n.ServerCommunicator - → Sending request: action=UPDATE_PRODUCT, token=728a449c-3861-4150-8c21-63d1e35c21da
2026-06-22 22:40:42 [Thread-109] INFO  c.m.c.n.ServerCommunicator - Waiting for response...
2026-06-22 22:40:51 [Thread-110] INFO  c.m.c.n.ServerCommunicator - → Sending request: action=UPDATE_PRODUCT, token=728a449c-3861-4150-8c21-63d1e35c21da
2026-06-22 22:40:51 [Thread-110] INFO  c.m.c.n.ServerCommunicator - Waiting for response...
2026-06-22 22:40:57 [Thread-111] INFO  c.m.c.n.ServerCommunicator - → Sending request: action=UPDATE_PRODUCT, token=728a449c-3861-4150-8c21-63d1e35c21da
2026-06-22 22:40:57 [Thread-111] INFO  c.m.c.n.ServerCommunicator - Waiting for response...
2026-06-22 22:41:03 [JavaFX Application Thread] INFO  c.m.c.n.ServerCommunicator - Disconnected from server
2026-06-22 22:41:03 [JavaFX Application Thread] INFO  c.minimart.client.ClientMain - Client application stopped
2026-06-22 22:42:40 [JavaFX Application Thread] INFO  c.m.c.n.ServerCommunicator - Connected to server at localhost:9999
2026-06-22 22:42:40 [JavaFX Application Thread] INFO  c.minimart.client.ClientMain - Connected to Mini Mart Server
2026-06-22 22:42:47 [JavaFX Application Thread] INFO  c.m.client.ui.LoginController - Login button clicked for user: admin
2026-06-22 22:42:47 [Thread-3] INFO  c.m.client.ui.LoginController - Background login task started for user: admin
2026-06-22 22:42:47 [Thread-3] INFO  c.m.c.n.ServerCommunicator - → Sending request: action=LOGIN, token=null
2026-06-22 22:42:47 [Thread-3] INFO  c.m.c.n.ServerCommunicator - Waiting for response...
2026-06-22 22:42:48 [Thread-3] INFO  c.m.c.n.ServerCommunicator - ← Received response line length: 294
2026-06-22 22:42:48 [JavaFX Application Thread] INFO  c.m.client.ui.LoginController - Login task succeeded for user: admin
2026-06-22 22:42:48 [Thread-4] INFO  c.m.c.n.ServerCommunicator - → Sending request: action=GET_DASHBOARD_DATA, token=621d8cb9-7185-4642-8983-e11c21517247
2026-06-22 22:42:48 [Thread-4] INFO  c.m.c.n.ServerCommunicator - Waiting for response...
2026-06-22 22:42:48 [Thread-4] INFO  c.m.c.n.ServerCommunicator - ← Received response line length: 418
2026-06-22 22:44:17 [Thread-5] INFO  c.m.c.n.ServerCommunicator - → Sending request: action=GET_PRODUCTS, token=621d8cb9-7185-4642-8983-e11c21517247
2026-06-22 22:44:17 [Thread-5] INFO  c.m.c.n.ServerCommunicator - Waiting for response...
2026-06-22 22:44:17 [Thread-5] INFO  c.m.c.n.ServerCommunicator - ← Received response line length: 17127
2026-06-22 22:44:33 [Thread-10] INFO  c.m.c.n.ServerCommunicator - → Sending request: action=UPDATE_PRODUCT, token=621d8cb9-7185-4642-8983-e11c21517247
2026-06-22 22:44:33 [Thread-10] INFO  c.m.c.n.ServerCommunicator - Waiting for response...
2026-06-22 22:44:34 [Thread-10] INFO  c.m.c.n.ServerCommunicator - ← Received response line length: 572
2026-06-22 22:44:43 [Thread-15] INFO  c.m.c.n.ServerCommunicator - → Sending request: action=UPDATE_PRODUCT, token=621d8cb9-7185-4642-8983-e11c21517247
2026-06-22 22:44:43 [Thread-15] INFO  c.m.c.n.ServerCommunicator - Waiting for response...
2026-06-22 22:44:43 [Thread-15] INFO  c.m.c.n.ServerCommunicator - ← Received response line length: 571
2026-06-22 22:45:19 [Thread-20] INFO  c.m.c.n.ServerCommunicator - → Sending request: action=UPDATE_PRODUCT, token=621d8cb9-7185-4642-8983-e11c21517247
2026-06-22 22:45:19 [Thread-20] INFO  c.m.c.n.ServerCommunicator - Waiting for response...
2026-06-22 22:45:19 [Thread-20] INFO  c.m.c.n.ServerCommunicator - ← Received response line length: 566
2026-06-22 22:45:57 [Thread-25] INFO  c.m.c.n.ServerCommunicator - → Sending request: action=UPDATE_PRODUCT, token=621d8cb9-7185-4642-8983-e11c21517247
2026-06-22 22:45:57 [Thread-25] INFO  c.m.c.n.ServerCommunicator - Waiting for response...
2026-06-22 22:45:57 [Thread-25] INFO  c.m.c.n.ServerCommunicator - ← Received response line length: 521
2026-06-22 22:47:21 [Thread-30] INFO  c.m.c.n.ServerCommunicator - → Sending request: action=UPDATE_PRODUCT, token=621d8cb9-7185-4642-8983-e11c21517247
2026-06-22 22:47:21 [Thread-30] INFO  c.m.c.n.ServerCommunicator - Waiting for response...
2026-06-22 22:47:21 [Thread-30] INFO  c.m.c.n.ServerCommunicator - ← Received response line length: 586
2026-06-22 22:54:50 [Thread-35] INFO  c.m.c.n.ServerCommunicator - → Sending request: action=UPDATE_PRODUCT, token=621d8cb9-7185-4642-8983-e11c21517247
2026-06-22 22:54:50 [Thread-35] INFO  c.m.c.n.ServerCommunicator - Waiting for response...
2026-06-22 22:55:06 [Thread-36] INFO  c.m.c.n.ServerCommunicator - → Sending request: action=UPDATE_PRODUCT, token=621d8cb9-7185-4642-8983-e11c21517247
2026-06-22 22:55:06 [Thread-36] INFO  c.m.c.n.ServerCommunicator - Waiting for response...
2026-06-22 22:55:16 [Thread-37] INFO  c.m.c.n.ServerCommunicator - → Sending request: action=GET_USERS, token=621d8cb9-7185-4642-8983-e11c21517247
2026-06-22 22:55:16 [Thread-37] INFO  c.m.c.n.ServerCommunicator - Waiting for response...
2026-06-22 22:55:20 [Thread-38] INFO  c.m.c.n.ServerCommunicator - → Sending request: action=GET_ORDERS, token=621d8cb9-7185-4642-8983-e11c21517247
2026-06-22 22:55:20 [Thread-38] INFO  c.m.c.n.ServerCommunicator - Waiting for response...
2026-06-22 22:55:21 [Thread-39] INFO  c.m.c.n.ServerCommunicator - → Sending request: action=GET_CUSTOMERS, token=621d8cb9-7185-4642-8983-e11c21517247
2026-06-22 22:55:21 [Thread-39] INFO  c.m.c.n.ServerCommunicator - Waiting for response...
2026-06-22 22:55:21 [Thread-40] INFO  c.m.c.n.ServerCommunicator - → Sending request: action=GET_PRODUCTS, token=621d8cb9-7185-4642-8983-e11c21517247
2026-06-22 22:55:21 [Thread-40] INFO  c.m.c.n.ServerCommunicator - Waiting for response...
2026-06-22 22:55:22 [Thread-41] INFO  c.m.c.n.ServerCommunicator - → Sending request: action=GET_DASHBOARD_DATA, token=621d8cb9-7185-4642-8983-e11c21517247
2026-06-22 22:55:22 [Thread-41] INFO  c.m.c.n.ServerCommunicator - Waiting for response...
2026-06-22 22:55:31 [JavaFX Application Thread] INFO  c.m.c.n.ServerCommunicator - Connected to server at localhost:9999
2026-06-22 22:55:31 [JavaFX Application Thread] INFO  c.minimart.client.ClientMain - Connected to Mini Mart Server
2026-06-22 22:55:33 [JavaFX Application Thread] INFO  c.m.c.n.ServerCommunicator - Disconnected from server
2026-06-22 22:55:33 [JavaFX Application Thread] INFO  c.minimart.client.ClientMain - Client application stopped
2026-06-22 22:55:40 [JavaFX Application Thread] INFO  c.m.client.ui.LoginController - Login button clicked for user: admin
2026-06-22 22:55:40 [Thread-3] INFO  c.m.client.ui.LoginController - Background login task started for user: admin
2026-06-22 22:55:40 [Thread-3] INFO  c.m.c.n.ServerCommunicator - → Sending request: action=LOGIN, token=null
2026-06-22 22:55:40 [Thread-3] INFO  c.m.c.n.ServerCommunicator - Waiting for response...
2026-06-22 22:55:41 [Thread-3] INFO  c.m.c.n.ServerCommunicator - ← Received response line length: 294
2026-06-22 22:55:41 [JavaFX Application Thread] INFO  c.m.client.ui.LoginController - Login task succeeded for user: admin
2026-06-22 22:55:41 [Thread-4] INFO  c.m.c.n.ServerCommunicator - → Sending request: action=GET_DASHBOARD_DATA, token=71e60e16-102b-4843-82f9-f42d56bf83e5
2026-06-22 22:55:41 [Thread-4] INFO  c.m.c.n.ServerCommunicator - Waiting for response...
2026-06-22 22:55:41 [Thread-4] INFO  c.m.c.n.ServerCommunicator - ← Received response line length: 418
2026-06-22 22:55:43 [Thread-5] INFO  c.m.c.n.ServerCommunicator - → Sending request: action=GET_PRODUCTS, token=71e60e16-102b-4843-82f9-f42d56bf83e5
2026-06-22 22:55:43 [Thread-5] INFO  c.m.c.n.ServerCommunicator - Waiting for response...
2026-06-22 22:55:43 [Thread-5] INFO  c.m.c.n.ServerCommunicator - ← Received response line length: 17807
2026-06-22 22:55:44 [Thread-10] INFO  c.m.c.n.ServerCommunicator - → Sending request: action=GET_CUSTOMERS, token=71e60e16-102b-4843-82f9-f42d56bf83e5
2026-06-22 22:55:44 [Thread-10] INFO  c.m.c.n.ServerCommunicator - Waiting for response...
2026-06-22 22:55:44 [Thread-10] INFO  c.m.c.n.ServerCommunicator - ← Received response line length: 1125
2026-06-22 22:55:45 [Thread-11] INFO  c.m.c.n.ServerCommunicator - → Sending request: action=GET_USERS, token=71e60e16-102b-4843-82f9-f42d56bf83e5
2026-06-22 22:55:45 [Thread-11] INFO  c.m.c.n.ServerCommunicator - Waiting for response...
2026-06-22 22:55:45 [Thread-11] INFO  c.m.c.n.ServerCommunicator - ← Received response line length: 584
2026-06-22 22:55:46 [Thread-12] INFO  c.m.c.n.ServerCommunicator - → Sending request: action=GET_ORDERS, token=71e60e16-102b-4843-82f9-f42d56bf83e5
2026-06-22 22:55:46 [Thread-12] INFO  c.m.c.n.ServerCommunicator - Waiting for response...
2026-06-22 22:55:46 [Thread-12] INFO  c.m.c.n.ServerCommunicator - ← Received response line length: 1401
2026-06-22 22:55:46 [Thread-13] INFO  c.m.c.n.ServerCommunicator - → Sending request: action=GET_USERS, token=71e60e16-102b-4843-82f9-f42d56bf83e5
2026-06-22 22:55:46 [Thread-13] INFO  c.m.c.n.ServerCommunicator - Waiting for response...
2026-06-22 22:55:46 [Thread-13] INFO  c.m.c.n.ServerCommunicator - ← Received response line length: 584
2026-06-22 22:55:47 [Thread-14] INFO  c.m.c.n.ServerCommunicator - → Sending request: action=GET_ORDERS, token=71e60e16-102b-4843-82f9-f42d56bf83e5
2026-06-22 22:55:47 [Thread-14] INFO  c.m.c.n.ServerCommunicator - Waiting for response...
2026-06-22 22:55:47 [Thread-14] INFO  c.m.c.n.ServerCommunicator - ← Received response line length: 1401
2026-06-22 22:55:47 [Thread-15] INFO  c.m.c.n.ServerCommunicator - → Sending request: action=GET_CUSTOMERS, token=71e60e16-102b-4843-82f9-f42d56bf83e5
2026-06-22 22:55:47 [Thread-15] INFO  c.m.c.n.ServerCommunicator - Waiting for response...
2026-06-22 22:55:47 [Thread-15] INFO  c.m.c.n.ServerCommunicator - ← Received response line length: 1125
2026-06-22 22:55:54 [Thread-16] INFO  c.m.c.n.ServerCommunicator - → Sending request: action=GET_CUSTOMERS, token=71e60e16-102b-4843-82f9-f42d56bf83e5
2026-06-22 22:55:54 [Thread-16] INFO  c.m.c.n.ServerCommunicator - Waiting for response...
2026-06-22 22:55:54 [Thread-16] INFO  c.m.c.n.ServerCommunicator - ← Received response line length: 1125
2026-06-22 22:55:54 [Thread-17] INFO  c.m.c.n.ServerCommunicator - → Sending request: action=GET_ORDERS, token=71e60e16-102b-4843-82f9-f42d56bf83e5
2026-06-22 22:55:54 [Thread-17] INFO  c.m.c.n.ServerCommunicator - Waiting for response...
2026-06-22 22:55:54 [Thread-17] INFO  c.m.c.n.ServerCommunicator - ← Received response line length: 1401
2026-06-22 22:55:55 [Thread-18] INFO  c.m.c.n.ServerCommunicator - → Sending request: action=GET_USERS, token=71e60e16-102b-4843-82f9-f42d56bf83e5
2026-06-22 22:55:55 [Thread-18] INFO  c.m.c.n.ServerCommunicator - Waiting for response...
2026-06-22 22:55:55 [Thread-18] INFO  c.m.c.n.ServerCommunicator - ← Received response line length: 584
2026-06-22 22:55:58 [Thread-19] INFO  c.m.c.n.ServerCommunicator - → Sending request: action=GET_ORDERS, token=71e60e16-102b-4843-82f9-f42d56bf83e5
2026-06-22 22:55:58 [Thread-19] INFO  c.m.c.n.ServerCommunicator - Waiting for response...
2026-06-22 22:55:58 [Thread-19] INFO  c.m.c.n.ServerCommunicator - ← Received response line length: 1401
2026-06-22 22:55:58 [Thread-20] INFO  c.m.c.n.ServerCommunicator - → Sending request: action=GET_PRODUCTS, token=71e60e16-102b-4843-82f9-f42d56bf83e5
2026-06-22 22:55:58 [Thread-20] INFO  c.m.c.n.ServerCommunicator - Waiting for response...
2026-06-22 22:55:58 [Thread-20] INFO  c.m.c.n.ServerCommunicator - ← Received response line length: 17807
2026-06-22 22:57:03 [Thread-25] INFO  c.m.c.n.ServerCommunicator - → Sending request: action=UPDATE_PRODUCT, token=71e60e16-102b-4843-82f9-f42d56bf83e5
2026-06-22 22:57:03 [Thread-25] INFO  c.m.c.n.ServerCommunicator - Waiting for response...
2026-06-22 22:57:03 [Thread-25] INFO  c.m.c.n.ServerCommunicator - ← Received response line length: 528
2026-06-22 22:57:46 [Thread-30] INFO  c.m.c.n.ServerCommunicator - → Sending request: action=UPDATE_PRODUCT, token=71e60e16-102b-4843-82f9-f42d56bf83e5
2026-06-22 22:57:46 [Thread-30] INFO  c.m.c.n.ServerCommunicator - Waiting for response...
2026-06-22 22:57:46 [Thread-30] INFO  c.m.c.n.ServerCommunicator - ← Received response line length: 494
2026-06-22 22:59:58 [Thread-35] INFO  c.m.c.n.ServerCommunicator - → Sending request: action=UPDATE_PRODUCT, token=71e60e16-102b-4843-82f9-f42d56bf83e5
2026-06-22 22:59:58 [Thread-35] INFO  c.m.c.n.ServerCommunicator - Waiting for response...
2026-06-22 22:59:58 [Thread-35] INFO  c.m.c.n.ServerCommunicator - ← Received response line length: 505
2026-06-22 23:00:11 [JavaFX Application Thread] INFO  c.m.c.n.ServerCommunicator - Disconnected from server
2026-06-22 23:00:11 [JavaFX Application Thread] INFO  c.minimart.client.ClientMain - Client application stopped
2026-06-22 23:01:13 [JavaFX Application Thread] INFO  c.m.c.n.ServerCommunicator - Connected to server at localhost:9999
2026-06-22 23:01:13 [JavaFX Application Thread] INFO  c.minimart.client.ClientMain - Connected to Mini Mart Server
2026-06-22 23:01:19 [JavaFX Application Thread] INFO  c.m.client.ui.LoginController - Login button clicked for user: admin
2026-06-22 23:01:19 [Thread-3] INFO  c.m.client.ui.LoginController - Background login task started for user: admin
2026-06-22 23:01:19 [Thread-3] INFO  c.m.c.n.ServerCommunicator - → Sending request: action=LOGIN, token=null
2026-06-22 23:01:19 [Thread-3] INFO  c.m.c.n.ServerCommunicator - Waiting for response...
2026-06-22 23:01:20 [Thread-3] INFO  c.m.c.n.ServerCommunicator - ← Received response line length: 58
2026-06-22 23:01:20 [Thread-3] ERROR c.m.client.ui.LoginController - Exception in background login service call: Invalid username or password
java.lang.RuntimeException: Invalid username or password
	at com.minimart.client.service.ClientService.login(ClientService.java:80)
	at com.minimart.client.ui.LoginController$1.call(LoginController.java:108)
	at com.minimart.client.ui.LoginController$1.call(LoginController.java:103)
	at javafx.concurrent.Task$TaskCallable.call(Task.java:1399)
	at java.base/java.util.concurrent.FutureTask.run(FutureTask.java:317)
	at java.base/java.lang.Thread.run(Thread.java:1583)
2026-06-22 23:01:20 [JavaFX Application Thread] WARN  c.m.client.ui.LoginController - Login task failed for user: admin. Error: Invalid username or password
java.lang.RuntimeException: Invalid username or password
	at com.minimart.client.service.ClientService.login(ClientService.java:80)
	at com.minimart.client.ui.LoginController$1.call(LoginController.java:108)
	at com.minimart.client.ui.LoginController$1.call(LoginController.java:103)
	at javafx.concurrent.Task$TaskCallable.call(Task.java:1399)
	at java.base/java.util.concurrent.FutureTask.run(FutureTask.java:317)
	at java.base/java.lang.Thread.run(Thread.java:1583)
2026-06-22 23:01:22 [JavaFX Application Thread] INFO  c.m.c.n.ServerCommunicator - Disconnected from server
2026-06-22 23:01:22 [JavaFX Application Thread] INFO  c.minimart.client.ClientMain - Client application stopped
2026-06-22 23:01:31 [JavaFX Application Thread] INFO  c.m.c.n.ServerCommunicator - Connected to server at localhost:9999
2026-06-22 23:01:31 [JavaFX Application Thread] INFO  c.minimart.client.ClientMain - Connected to Mini Mart Server
2026-06-22 23:01:37 [JavaFX Application Thread] INFO  c.m.client.ui.LoginController - Login button clicked for user: admin
2026-06-22 23:01:37 [Thread-3] INFO  c.m.client.ui.LoginController - Background login task started for user: admin
2026-06-22 23:01:37 [Thread-3] INFO  c.m.c.n.ServerCommunicator - → Sending request: action=LOGIN, token=null
2026-06-22 23:01:37 [Thread-3] INFO  c.m.c.n.ServerCommunicator - Waiting for response...
2026-06-22 23:01:38 [Thread-3] INFO  c.m.c.n.ServerCommunicator - ← Received response line length: 294
2026-06-22 23:01:38 [JavaFX Application Thread] INFO  c.m.client.ui.LoginController - Login task succeeded for user: admin
2026-06-22 23:01:38 [Thread-4] INFO  c.m.c.n.ServerCommunicator - → Sending request: action=GET_DASHBOARD_DATA, token=d2a1895d-fa16-4339-af2e-bac9715c9f1a
2026-06-22 23:01:38 [Thread-4] INFO  c.m.c.n.ServerCommunicator - Waiting for response...
2026-06-22 23:01:38 [Thread-4] INFO  c.m.c.n.ServerCommunicator - ← Received response line length: 418
2026-06-22 23:01:39 [Thread-5] INFO  c.m.c.n.ServerCommunicator - → Sending request: action=GET_USERS, token=d2a1895d-fa16-4339-af2e-bac9715c9f1a
2026-06-22 23:01:39 [Thread-5] INFO  c.m.c.n.ServerCommunicator - Waiting for response...
2026-06-22 23:01:39 [Thread-5] INFO  c.m.c.n.ServerCommunicator - ← Received response line length: 584
2026-06-22 23:01:39 [Thread-6] INFO  c.m.c.n.ServerCommunicator - → Sending request: action=GET_ORDERS, token=d2a1895d-fa16-4339-af2e-bac9715c9f1a
2026-06-22 23:01:39 [Thread-6] INFO  c.m.c.n.ServerCommunicator - Waiting for response...
2026-06-22 23:01:39 [Thread-6] INFO  c.m.c.n.ServerCommunicator - ← Received response line length: 1401
2026-06-22 23:01:39 [Thread-7] INFO  c.m.c.n.ServerCommunicator - → Sending request: action=GET_CUSTOMERS, token=d2a1895d-fa16-4339-af2e-bac9715c9f1a
2026-06-22 23:01:39 [Thread-7] INFO  c.m.c.n.ServerCommunicator - Waiting for response...
2026-06-22 23:01:39 [Thread-7] INFO  c.m.c.n.ServerCommunicator - ← Received response line length: 1125
2026-06-22 23:01:48 [Thread-8] INFO  c.m.c.n.ServerCommunicator - → Sending request: action=GET_PRODUCTS, token=d2a1895d-fa16-4339-af2e-bac9715c9f1a
2026-06-22 23:01:48 [Thread-8] INFO  c.m.c.n.ServerCommunicator - Waiting for response...
2026-06-22 23:01:48 [Thread-8] INFO  c.m.c.n.ServerCommunicator - ← Received response line length: 18152
2026-06-22 23:01:49 [Thread-13] INFO  c.m.c.n.ServerCommunicator - → Sending request: action=GET_DASHBOARD_DATA, token=d2a1895d-fa16-4339-af2e-bac9715c9f1a
2026-06-22 23:01:49 [Thread-13] INFO  c.m.c.n.ServerCommunicator - Waiting for response...
2026-06-22 23:01:49 [Thread-13] INFO  c.m.c.n.ServerCommunicator - ← Received response line length: 418
2026-06-22 23:01:49 [Thread-14] INFO  c.m.c.n.ServerCommunicator - → Sending request: action=GET_DASHBOARD_DATA, token=d2a1895d-fa16-4339-af2e-bac9715c9f1a
2026-06-22 23:01:49 [Thread-14] INFO  c.m.c.n.ServerCommunicator - Waiting for response...
2026-06-22 23:01:49 [Thread-14] INFO  c.m.c.n.ServerCommunicator - ← Received response line length: 418
2026-06-22 23:01:50 [Thread-15] INFO  c.m.c.n.ServerCommunicator - → Sending request: action=GET_PRODUCTS, token=d2a1895d-fa16-4339-af2e-bac9715c9f1a
2026-06-22 23:01:50 [Thread-15] INFO  c.m.c.n.ServerCommunicator - Waiting for response...
2026-06-22 23:01:50 [Thread-15] INFO  c.m.c.n.ServerCommunicator - ← Received response line length: 18152
2026-06-22 23:01:50 [Thread-20] INFO  c.m.c.n.ServerCommunicator - → Sending request: action=GET_CUSTOMERS, token=d2a1895d-fa16-4339-af2e-bac9715c9f1a
2026-06-22 23:01:50 [Thread-20] INFO  c.m.c.n.ServerCommunicator - Waiting for response...
2026-06-22 23:01:50 [Thread-20] INFO  c.m.c.n.ServerCommunicator - ← Received response line length: 1125
2026-06-22 23:01:50 [Thread-21] INFO  c.m.c.n.ServerCommunicator - → Sending request: action=GET_ORDERS, token=d2a1895d-fa16-4339-af2e-bac9715c9f1a
2026-06-22 23:01:50 [Thread-21] INFO  c.m.c.n.ServerCommunicator - Waiting for response...
2026-06-22 23:01:50 [Thread-21] INFO  c.m.c.n.ServerCommunicator - ← Received response line length: 1401
2026-06-22 23:01:51 [Thread-22] INFO  c.m.c.n.ServerCommunicator - → Sending request: action=GET_USERS, token=d2a1895d-fa16-4339-af2e-bac9715c9f1a
2026-06-22 23:01:51 [Thread-22] INFO  c.m.c.n.ServerCommunicator - Waiting for response...
2026-06-22 23:01:51 [Thread-22] INFO  c.m.c.n.ServerCommunicator - ← Received response line length: 584
2026-06-22 23:01:51 [Thread-23] INFO  c.m.c.n.ServerCommunicator - → Sending request: action=GET_LOGS, token=d2a1895d-fa16-4339-af2e-bac9715c9f1a
2026-06-22 23:01:51 [Thread-23] INFO  c.m.c.n.ServerCommunicator - Waiting for response...
2026-06-22 23:01:51 [Thread-23] INFO  c.m.c.n.ServerCommunicator - ← Received response line length: 9462
2026-06-22 23:01:52 [Thread-24] INFO  c.m.c.n.ServerCommunicator - → Sending request: action=GET_USERS, token=d2a1895d-fa16-4339-af2e-bac9715c9f1a
2026-06-22 23:01:52 [Thread-24] INFO  c.m.c.n.ServerCommunicator - Waiting for response...
2026-06-22 23:01:52 [Thread-24] INFO  c.m.c.n.ServerCommunicator - ← Received response line length: 584
2026-06-22 23:01:52 [Thread-25] INFO  c.m.c.n.ServerCommunicator - → Sending request: action=GET_ORDERS, token=d2a1895d-fa16-4339-af2e-bac9715c9f1a
2026-06-22 23:01:52 [Thread-25] INFO  c.m.c.n.ServerCommunicator - Waiting for response...
2026-06-22 23:01:52 [Thread-25] INFO  c.m.c.n.ServerCommunicator - ← Received response line length: 1401
2026-06-22 23:01:52 [Thread-26] INFO  c.m.c.n.ServerCommunicator - → Sending request: action=GET_CUSTOMERS, token=d2a1895d-fa16-4339-af2e-bac9715c9f1a
2026-06-22 23:01:52 [Thread-26] INFO  c.m.c.n.ServerCommunicator - Waiting for response...
2026-06-22 23:01:52 [Thread-26] INFO  c.m.c.n.ServerCommunicator - ← Received response line length: 1125
2026-06-22 23:01:53 [Thread-27] INFO  c.m.c.n.ServerCommunicator - → Sending request: action=GET_PRODUCTS, token=d2a1895d-fa16-4339-af2e-bac9715c9f1a
2026-06-22 23:01:53 [Thread-27] INFO  c.m.c.n.ServerCommunicator - Waiting for response...
2026-06-22 23:01:53 [Thread-27] INFO  c.m.c.n.ServerCommunicator - ← Received response line length: 18152
2026-06-22 23:02:00 [JavaFX Application Thread] INFO  c.m.c.n.ServerCommunicator - Disconnected from server
2026-06-22 23:02:00 [JavaFX Application Thread] INFO  c.minimart.client.ClientMain - Client application stopped
2026-06-22 23:59:42 [JavaFX Application Thread] INFO  c.m.c.n.ServerCommunicator - Connected to server at localhost:9999
2026-06-22 23:59:42 [JavaFX Application Thread] INFO  c.minimart.client.ClientMain - Connected to Mini Mart Server
2026-06-22 23:59:48 [JavaFX Application Thread] INFO  c.m.client.ui.LoginController - Login button clicked for user: admin
2026-06-22 23:59:48 [Thread-3] INFO  c.m.client.ui.LoginController - Background login task started for user: admin
2026-06-22 23:59:48 [Thread-3] INFO  c.m.c.n.ServerCommunicator - → Sending request: action=LOGIN, token=null
2026-06-22 23:59:48 [Thread-3] INFO  c.m.c.n.ServerCommunicator - Waiting for response...
2026-06-22 23:59:48 [Thread-3] INFO  c.m.c.n.ServerCommunicator - ← Received response line length: 58
2026-06-22 23:59:48 [Thread-3] ERROR c.m.client.ui.LoginController - Exception in background login service call: Invalid username or password
java.lang.RuntimeException: Invalid username or password
	at com.minimart.client.service.ClientService.login(ClientService.java:80)
	at com.minimart.client.ui.LoginController$1.call(LoginController.java:108)
	at com.minimart.client.ui.LoginController$1.call(LoginController.java:103)
	at javafx.concurrent.Task$TaskCallable.call(Task.java:1399)
	at java.base/java.util.concurrent.FutureTask.run(FutureTask.java:317)
	at java.base/java.lang.Thread.run(Thread.java:1583)
2026-06-22 23:59:48 [JavaFX Application Thread] WARN  c.m.client.ui.LoginController - Login task failed for user: admin. Error: Invalid username or password
java.lang.RuntimeException: Invalid username or password
	at com.minimart.client.service.ClientService.login(ClientService.java:80)
	at com.minimart.client.ui.LoginController$1.call(LoginController.java:108)
	at com.minimart.client.ui.LoginController$1.call(LoginController.java:103)
	at javafx.concurrent.Task$TaskCallable.call(Task.java:1399)
	at java.base/java.util.concurrent.FutureTask.run(FutureTask.java:317)
	at java.base/java.lang.Thread.run(Thread.java:1583)
2026-06-22 23:59:58 [JavaFX Application Thread] INFO  c.m.client.ui.LoginController - Login button clicked for user: admin
2026-06-22 23:59:58 [Thread-4] INFO  c.m.client.ui.LoginController - Background login task started for user: admin
2026-06-22 23:59:58 [Thread-4] INFO  c.m.c.n.ServerCommunicator - → Sending request: action=LOGIN, token=null
2026-06-22 23:59:58 [Thread-4] INFO  c.m.c.n.ServerCommunicator - Waiting for response...
2026-06-22 23:59:59 [Thread-4] INFO  c.m.c.n.ServerCommunicator - ← Received response line length: 58
2026-06-22 23:59:59 [Thread-4] ERROR c.m.client.ui.LoginController - Exception in background login service call: Invalid username or password
java.lang.RuntimeException: Invalid username or password
	at com.minimart.client.service.ClientService.login(ClientService.java:80)
	at com.minimart.client.ui.LoginController$1.call(LoginController.java:108)
	at com.minimart.client.ui.LoginController$1.call(LoginController.java:103)
	at javafx.concurrent.Task$TaskCallable.call(Task.java:1399)
	at java.base/java.util.concurrent.FutureTask.run(FutureTask.java:317)
	at java.base/java.lang.Thread.run(Thread.java:1583)
2026-06-22 23:59:59 [JavaFX Application Thread] WARN  c.m.client.ui.LoginController - Login task failed for user: admin. Error: Invalid username or password
java.lang.RuntimeException: Invalid username or password
	at com.minimart.client.service.ClientService.login(ClientService.java:80)
	at com.minimart.client.ui.LoginController$1.call(LoginController.java:108)
	at com.minimart.client.ui.LoginController$1.call(LoginController.java:103)
	at javafx.concurrent.Task$TaskCallable.call(Task.java:1399)
	at java.base/java.util.concurrent.FutureTask.run(FutureTask.java:317)
	at java.base/java.lang.Thread.run(Thread.java:1583)
